<?xml version="1.0" encoding="UTF-8"?>
<!-- Generated by org.testng.reporters.JUnitXMLReporter -->
<testsuite ignored="0" hostname="DESKTOP-P8J02CA" failures="1" tests="1" name="Default test(failed)" time="8.213" errors="0" timestamp="2022-08-19T14:57:32 IST">
  <testcase classname="ScreenShotForDeleteBenificiary.AddBenificiaryForScreenShot" name="addbnfry" time="1.22">
    <failure type="java.lang.AssertionError" message="null">
      <![CDATA[java.lang.AssertionError: null
at ScreenShotForDeleteBenificiary.AddBenificiaryForScreenShot.addbnfry(AddBenificiaryForScreenShot.java:45)
at java.base/java.util.ArrayList.forEach(ArrayList.java:1511)
... Removed 27 stack frames]]>
    </failure>
  </testcase> <!-- addbnfry -->
</testsuite> <!-- Default test(failed) -->
