<?xml version="1.0" encoding="UTF-8"?>
<!-- Generated by org.testng.reporters.JUnitXMLReporter -->
<testsuite ignored="4" hostname="DESKTOP-P8J02CA" failures="0" tests="3" name="Test" time="7.912" errors="0" timestamp="2022-08-18T11:11:36 IST">
  <testcase classname="com.BidvestOnlineBanking.comcast.genericUtility.BaseClass" name="@BeforeMethod configBM" time="0.002">
    <failure type="java.io.FileNotFoundException" message=".\Data\CommonData.properties (The system cannot find the path specified)">
      <![CDATA[java.io.FileNotFoundException: .\Data\CommonData.properties (The system cannot find the path specified)
at java.base/java.io.FileInputStream.open0(Native Method)
at java.base/java.io.FileInputStream.open(FileInputStream.java:216)
at java.base/java.io.FileInputStream.<init>(FileInputStream.java:157)
at java.base/java.io.FileInputStream.<init>(FileInputStream.java:111)
at com.Bidvest_Online_Banking_Generic.FileUtility.getPropertyKeyValue(FileUtility.java:22)
at com.BidvestOnlineBanking.comcast.genericUtility.BaseClass.configBM(BaseClass.java:56)
at java.base/java.util.ArrayList.forEach(ArrayList.java:1511)
... Removed 29 stack frames]]>
    </failure>
  </testcase> <!-- @BeforeMethod configBM -->
  <testcase classname="com.BidvestOnlineBanking.comcast.genericUtility.BaseClass" name="@AfterMethod configAM" time="-1.66080129254E9">
    <skipped/>
  </testcase> <!-- @AfterMethod configAM -->
  <testcase classname="com.BidvestOnlineBanking.comcast.genericUtility.BaseClass" name="@AfterClass configAC" time="-1.660801292552E9">
    <skipped/>
  </testcase> <!-- @AfterClass configAC -->
  <testcase classname="com.BidvestOnlineBanking.comcast.genericUtility.BaseClass" name="@BeforeMethod configBM" time="0.001">
    <failure type="java.io.FileNotFoundException" message=".\Data\CommonData.properties (The system cannot find the path specified)">
      <![CDATA[java.io.FileNotFoundException: .\Data\CommonData.properties (The system cannot find the path specified)
at java.base/java.io.FileInputStream.open0(Native Method)
at java.base/java.io.FileInputStream.open(FileInputStream.java:216)
at java.base/java.io.FileInputStream.<init>(FileInputStream.java:157)
at java.base/java.io.FileInputStream.<init>(FileInputStream.java:111)
at com.Bidvest_Online_Banking_Generic.FileUtility.getPropertyKeyValue(FileUtility.java:22)
at com.BidvestOnlineBanking.comcast.genericUtility.BaseClass.configBM(BaseClass.java:56)
at java.base/java.util.ArrayList.forEach(ArrayList.java:1511)
... Removed 29 stack frames]]>
    </failure>
  </testcase> <!-- @BeforeMethod configBM -->
  <testcase classname="com.BidvestOnlineBanking.comcast.genericUtility.BaseClass" name="@AfterMethod configAM" time="-1.660801294621E9">
    <skipped/>
  </testcase> <!-- @AfterMethod configAM -->
  <testcase classname="com.BidvestOnlineBanking.comcast.genericUtility.BaseClass" name="@AfterClass configAC" time="-1.660801294634E9">
    <skipped/>
  </testcase> <!-- @AfterClass configAC -->
  <testcase classname="com.BidvestOnlineBanking.comcast.genericUtility.BaseClass" name="@BeforeMethod configBM" time="0.001">
    <failure type="java.io.FileNotFoundException" message=".\Data\CommonData.properties (The system cannot find the path specified)">
      <![CDATA[java.io.FileNotFoundException: .\Data\CommonData.properties (The system cannot find the path specified)
at java.base/java.io.FileInputStream.open0(Native Method)
at java.base/java.io.FileInputStream.open(FileInputStream.java:216)
at java.base/java.io.FileInputStream.<init>(FileInputStream.java:157)
at java.base/java.io.FileInputStream.<init>(FileInputStream.java:111)
at com.Bidvest_Online_Banking_Generic.FileUtility.getPropertyKeyValue(FileUtility.java:22)
at com.BidvestOnlineBanking.comcast.genericUtility.BaseClass.configBM(BaseClass.java:56)
at java.base/java.util.ArrayList.forEach(ArrayList.java:1511)
... Removed 29 stack frames]]>
    </failure>
  </testcase> <!-- @BeforeMethod configBM -->
  <testcase classname="com.BidvestOnlineBanking.comcast.genericUtility.BaseClass" name="@AfterMethod configAM" time="-1.660801296947E9">
    <skipped/>
  </testcase> <!-- @AfterMethod configAM -->
  <testcase classname="com.BidvestOnlineBanking.comcast.genericUtility.BaseClass" name="@AfterClass configAC" time="-1.660801296951E9">
    <skipped/>
  </testcase> <!-- @AfterClass configAC -->
  <testcase classname="BBL_UsingTestNG.loginWithNewpwdDeleteTheBnfry_test" name="addbnfry" time="0.0">
    <skipped/>
  </testcase> <!-- addbnfry -->
  <testcase classname="BBL_UsingTestNG.AddBnfryWithValidDetails" name="addbnfry" time="0.0">
    <skipped/>
  </testcase> <!-- addbnfry -->
  <testcase classname="BBL_UsingTestNG.creatingBnfryWithInvalidIFSCDetails" name="addbnfry" time="0.0">
    <skipped/>
  </testcase> <!-- addbnfry -->
  <testcase classname="com.BidvestOnlineBanking.comcast.genericUtility.BaseClass" name="@AfterSuite configAS" time="0.0">
    <ignored/>
  </testcase> <!-- @AfterSuite configAS -->
  <testcase classname="com.BidvestOnlineBanking.comcast.genericUtility.BaseClass" name="@AfterSuite configAS" time="0.0">
    <ignored/>
  </testcase> <!-- @AfterSuite configAS -->
  <testcase classname="com.BidvestOnlineBanking.comcast.genericUtility.BaseClass" name="@BeforeSuite connct_DB" time="0.0">
    <ignored/>
  </testcase> <!-- @BeforeSuite connct_DB -->
  <testcase classname="com.BidvestOnlineBanking.comcast.genericUtility.BaseClass" name="@BeforeSuite connct_DB" time="0.0">
    <ignored/>
  </testcase> <!-- @BeforeSuite connct_DB -->
</testsuite> <!-- Test -->
