<?xml version="1.0" encoding="UTF-8"?>
<!-- Generated by org.testng.reporters.JUnitXMLReporter -->
<testsuite ignored="2" hostname="DESKTOP-P8J02CA" failures="0" tests="2" name="Testrunner1" time="20.756" errors="0" timestamp="2022-08-18T12:34:22 IST">
  <testcase classname="BBL_UsingTestNG.loginWithNewpwdDeleteTheBnfry_test" name="addbnfry" time="3.418"/>
  <testcase classname="BBL_UsingTestNG.AddBnfryWithValidDetails" name="addbnfry" time="4.48"/>
  <testcase classname="com.BidvestOnlineBanking.comcast.genericUtility.BaseClass" name="@AfterSuite configAS" time="0.0">
    <ignored/>
  </testcase> <!-- @AfterSuite configAS -->
  <testcase classname="com.BidvestOnlineBanking.comcast.genericUtility.BaseClass" name="@BeforeSuite connct_DB" time="0.0">
    <ignored/>
  </testcase> <!-- @BeforeSuite connct_DB -->
</testsuite> <!-- Testrunner1 -->
