<?xml version="1.0" encoding="UTF-8"?>
<!-- Generated by org.testng.reporters.JUnitXMLReporter -->
<testsuite ignored="6" hostname="DESKTOP-P8J02CA" failures="0" tests="1" name="Test" time="11.145" errors="0" timestamp="2022-08-18T12:19:41 IST">
  <testcase classname="BBL_UsingTestNG.loginWithNewpwdDeleteTheBnfry_test" name="addbnfry" time="3.778"/>
  <testcase classname="BBL_UsingTestNG.creatingBnfryWithInvalidIFSCDetails" name="addbnfry" time="0.0">
    <ignored/>
  </testcase> <!-- addbnfry -->
  <testcase classname="com.BidvestOnlineBanking.comcast.genericUtility.BaseClass" name="@AfterSuite configAS" time="0.0">
    <ignored/>
  </testcase> <!-- @AfterSuite configAS -->
  <testcase classname="com.BidvestOnlineBanking.comcast.genericUtility.BaseClass" name="@AfterSuite configAS" time="0.0">
    <ignored/>
  </testcase> <!-- @AfterSuite configAS -->
  <testcase classname="com.BidvestOnlineBanking.comcast.genericUtility.BaseClass" name="@BeforeSuite connct_DB" time="0.0">
    <ignored/>
  </testcase> <!-- @BeforeSuite connct_DB -->
  <testcase classname="com.BidvestOnlineBanking.comcast.genericUtility.BaseClass" name="@BeforeSuite connct_DB" time="0.0">
    <ignored/>
  </testcase> <!-- @BeforeSuite connct_DB -->
  <testcase classname="BBL_UsingTestNG.AddBnfryWithValidDetails" name="addbnfry" time="0.0">
    <ignored/>
  </testcase> <!-- addbnfry -->
</testsuite> <!-- Test -->
