<?xml version="1.0" encoding="UTF-8"?>
<testng-results ignored="0" total="1" passed="1" failed="0" skipped="0">
  <reporter-output>
  </reporter-output>
  <suite started-at="2022-08-23T15:04:18 IST" name="Default suite" finished-at="2022-08-23T15:04:32 IST" duration-ms="14445">
    <groups>
      <group name="regression">
        <method signature="LoginWithNewpwdDeleteTheBnfryTest.addbnfry()[pri:0, instance:BBL_UsingTestNG.LoginWithNewpwdDeleteTheBnfryTest@1da2cb77]" name="addbnfry" class="BBL_UsingTestNG.LoginWithNewpwdDeleteTheBnfryTest"/>
      </group> <!-- regression -->
    </groups>
    <test started-at="2022-08-23T15:04:18 IST" name="Default test" finished-at="2022-08-23T15:04:32 IST" duration-ms="14445">
      <class name="BBL_UsingTestNG.LoginWithNewpwdDeleteTheBnfryTest">
        <test-method is-config="true" signature="connct_DB()[pri:0, instance:BBL_UsingTestNG.LoginWithNewpwdDeleteTheBnfryTest@1da2cb77]" started-at="2022-08-23T15:04:18 IST" name="connct_DB" finished-at="2022-08-23T15:04:18 IST" duration-ms="13" status="PASS">
          <reporter-output>
          </reporter-output>
        </test-method> <!-- connct_DB -->
        <test-method is-config="true" signature="configBC()[pri:0, instance:BBL_UsingTestNG.LoginWithNewpwdDeleteTheBnfryTest@1da2cb77]" started-at="2022-08-23T15:04:18 IST" name="configBC" finished-at="2022-08-23T15:04:23 IST" duration-ms="5183" status="PASS">
          <reporter-output>
          </reporter-output>
        </test-method> <!-- configBC -->
        <test-method is-config="true" signature="configBM()[pri:0, instance:BBL_UsingTestNG.LoginWithNewpwdDeleteTheBnfryTest@1da2cb77]" started-at="2022-08-23T15:04:23 IST" name="configBM" finished-at="2022-08-23T15:04:28 IST" duration-ms="4789" status="PASS">
          <reporter-output>
          </reporter-output>
        </test-method> <!-- configBM -->
        <test-method signature="addbnfry()[pri:0, instance:BBL_UsingTestNG.LoginWithNewpwdDeleteTheBnfryTest@1da2cb77]" started-at="2022-08-23T15:04:28 IST" name="addbnfry" finished-at="2022-08-23T15:04:31 IST" duration-ms="3381" status="PASS">
          <reporter-output>
          </reporter-output>
        </test-method> <!-- addbnfry -->
        <test-method is-config="true" signature="configAM()[pri:0, instance:BBL_UsingTestNG.LoginWithNewpwdDeleteTheBnfryTest@1da2cb77]" started-at="2022-08-23T15:04:31 IST" name="configAM" finished-at="2022-08-23T15:04:31 IST" duration-ms="276" status="PASS">
          <reporter-output>
          </reporter-output>
        </test-method> <!-- configAM -->
        <test-method is-config="true" signature="configAC()[pri:0, instance:BBL_UsingTestNG.LoginWithNewpwdDeleteTheBnfryTest@1da2cb77]" started-at="2022-08-23T15:04:31 IST" name="configAC" finished-at="2022-08-23T15:04:32 IST" duration-ms="747" status="PASS">
          <reporter-output>
          </reporter-output>
        </test-method> <!-- configAC -->
      </class> <!-- BBL_UsingTestNG.LoginWithNewpwdDeleteTheBnfryTest -->
    </test> <!-- Default test -->
  </suite> <!-- Default suite -->
</testng-results>
