<?xml version="1.0" encoding="UTF-8"?>
<testng-results ignored="0" total="1" passed="1" failed="0" skipped="0">
  <reporter-output>
  </reporter-output>
  <suite started-at="2022-08-25T15:42:38 IST" name="Default suite" finished-at="2022-08-25T15:42:51 IST" duration-ms="13008">
    <groups>
      <group name="regression">
        <method signature="LoginWithNewpwdDeleteTheBnfryTest.addbnfry()[pri:0, instance:BBL_UsingTestNG.LoginWithNewpwdDeleteTheBnfryTest@3a44431a]" name="addbnfry" class="BBL_UsingTestNG.LoginWithNewpwdDeleteTheBnfryTest"/>
      </group> <!-- regression -->
    </groups>
    <test started-at="2022-08-25T15:42:38 IST" name="Default test" finished-at="2022-08-25T15:42:51 IST" duration-ms="13008">
      <class name="BBL_UsingTestNG.LoginWithNewpwdDeleteTheBnfryTest">
        <test-method is-config="true" signature="connct_DB()[pri:0, instance:BBL_UsingTestNG.LoginWithNewpwdDeleteTheBnfryTest@3a44431a]" started-at="2022-08-25T15:42:38 IST" name="connct_DB" finished-at="2022-08-25T15:42:38 IST" duration-ms="12" status="PASS">
          <reporter-output>
          </reporter-output>
        </test-method> <!-- connct_DB -->
        <test-method is-config="true" signature="configBC()[pri:0, instance:BBL_UsingTestNG.LoginWithNewpwdDeleteTheBnfryTest@3a44431a]" started-at="2022-08-25T15:42:38 IST" name="configBC" finished-at="2022-08-25T15:42:42 IST" duration-ms="4104" status="PASS">
          <reporter-output>
          </reporter-output>
        </test-method> <!-- configBC -->
        <test-method is-config="true" signature="configBM()[pri:0, instance:BBL_UsingTestNG.LoginWithNewpwdDeleteTheBnfryTest@3a44431a]" started-at="2022-08-25T15:42:42 IST" name="configBM" finished-at="2022-08-25T15:42:45 IST" duration-ms="2452" status="PASS">
          <reporter-output>
          </reporter-output>
        </test-method> <!-- configBM -->
        <test-method signature="addbnfry()[pri:0, instance:BBL_UsingTestNG.LoginWithNewpwdDeleteTheBnfryTest@3a44431a]" started-at="2022-08-25T15:42:45 IST" name="addbnfry" finished-at="2022-08-25T15:42:50 IST" duration-ms="5370" status="PASS">
          <reporter-output>
          </reporter-output>
        </test-method> <!-- addbnfry -->
        <test-method is-config="true" signature="configAM()[pri:0, instance:BBL_UsingTestNG.LoginWithNewpwdDeleteTheBnfryTest@3a44431a]" started-at="2022-08-25T15:42:50 IST" name="configAM" finished-at="2022-08-25T15:42:50 IST" duration-ms="416" status="PASS">
          <reporter-output>
          </reporter-output>
        </test-method> <!-- configAM -->
        <test-method is-config="true" signature="configAC()[pri:0, instance:BBL_UsingTestNG.LoginWithNewpwdDeleteTheBnfryTest@3a44431a]" started-at="2022-08-25T15:42:50 IST" name="configAC" finished-at="2022-08-25T15:42:51 IST" duration-ms="589" status="PASS">
          <reporter-output>
          </reporter-output>
        </test-method> <!-- configAC -->
      </class> <!-- BBL_UsingTestNG.LoginWithNewpwdDeleteTheBnfryTest -->
    </test> <!-- Default test -->
  </suite> <!-- Default suite -->
</testng-results>
